<?xml version="1.0" encoding="UTF-8"?>
<testng-results skipped="0" failed="0" total="1" passed="1">
  <reporter-output>
  </reporter-output>
  <suite name="Default suite" duration-ms="9408" started-at="2019-10-31T05:06:58Z" finished-at="2019-10-31T05:07:07Z">
    <groups>
    </groups>
    <test name="Default test" duration-ms="9408" started-at="2019-10-31T05:06:58Z" finished-at="2019-10-31T05:07:07Z">
      <class name="net.tweet.APIAutomation1.BlockUser">
        <test-method status="PASS" signature="Seventh()[pri:0, instance:net.tweet.APIAutomation1.BlockUser@343f4d3d]" name="Seventh" duration-ms="9239" started-at="2019-10-31T10:36:58Z" finished-at="2019-10-31T10:37:07Z">
          <reporter-output>
          </reporter-output>
        </test-method> <!-- Seventh -->
      </class> <!-- net.tweet.APIAutomation1.BlockUser -->
    </test> <!-- Default test -->
  </suite> <!-- Default suite -->
</testng-results>
